2020-05-17 12:06:06,021 INFO o.a.j.u.JMeterUtils: Setting Locale to en_EN
2020-05-17 12:06:06,056 INFO o.a.j.JMeter: Loading user properties from: /usr/local/Cellar/jmeter/5.1.1/libexec/bin/user.properties
2020-05-17 12:06:06,057 INFO o.a.j.JMeter: Loading system properties from: /usr/local/Cellar/jmeter/5.1.1/libexec/bin/system.properties
2020-05-17 12:06:06,067 INFO o.a.j.JMeter: Copyright (c) 1998-2019 The Apache Software Foundation
2020-05-17 12:06:06,067 INFO o.a.j.JMeter: Version 5.1.1 r1855137
2020-05-17 12:06:06,067 INFO o.a.j.JMeter: java.version=1.8.0_221
2020-05-17 12:06:06,067 INFO o.a.j.JMeter: java.vm.name=Java HotSpot(TM) 64-Bit Server VM
2020-05-17 12:06:06,067 INFO o.a.j.JMeter: os.name=Mac OS X
2020-05-17 12:06:06,067 INFO o.a.j.JMeter: os.arch=x86_64
2020-05-17 12:06:06,067 INFO o.a.j.JMeter: os.version=10.13.6
2020-05-17 12:06:06,067 INFO o.a.j.JMeter: file.encoding=UTF-8
2020-05-17 12:06:06,067 INFO o.a.j.JMeter: java.awt.headless=null
2020-05-17 12:06:06,068 INFO o.a.j.JMeter: Max memory     =1073741824
2020-05-17 12:06:06,068 INFO o.a.j.JMeter: Available Processors =4
2020-05-17 12:06:06,074 INFO o.a.j.JMeter: Default Locale=English (EN)
2020-05-17 12:06:06,074 INFO o.a.j.JMeter: JMeter  Locale=English (EN)
2020-05-17 12:06:06,074 INFO o.a.j.JMeter: JMeterHome=/usr/local/Cellar/jmeter/5.1.1/libexec
2020-05-17 12:06:06,074 INFO o.a.j.JMeter: user.dir  =/Users/douglaslanca/IdeaProjects/cursofullstack
2020-05-17 12:06:06,074 INFO o.a.j.JMeter: PWD       =/Users/douglaslanca/IdeaProjects/cursofullstack
2020-05-17 12:06:06,308 INFO o.a.j.JMeter: IP: 192.168.43.49 Name: AC-LP0031-douglaslanca.local FullName: ac-lp0031-douglas
2020-05-17 12:06:08,418 INFO o.a.j.g.a.LookAndFeelCommand: Installing Darcula LAF
2020-05-17 12:06:08,460 INFO o.a.j.g.a.LookAndFeelCommand: Using look and feel: com.bulenkov.darcula.DarculaLaf [Darcula]
2020-05-17 12:06:08,460 INFO o.a.j.JMeter: Setting LAF to: com.bulenkov.darcula.DarculaLaf
2020-05-17 12:06:08,591 INFO o.a.j.JMeter: Loaded icon properties from org/apache/jmeter/images/icon.properties
2020-05-17 12:06:11,058 INFO k.a.j.JMeterPluginsUtils: JMeter-Plugins.org v.1.4.0
2020-05-17 12:06:11,887 WARN o.a.j.g.u.MenuFactory: Could not instantiate class: kg.apc.jmeter.reporters.LoadosophiaUploaderGui
java.lang.reflect.InvocationTargetException: null
	at sun.reflect.NativeConstructorAccessorImpl.newInstance0(Native Method) ~[?:1.8.0_221]
	at sun.reflect.NativeConstructorAccessorImpl.newInstance(NativeConstructorAccessorImpl.java:62) ~[?:1.8.0_221]
	at sun.reflect.DelegatingConstructorAccessorImpl.newInstance(DelegatingConstructorAccessorImpl.java:45) ~[?:1.8.0_221]
	at java.lang.reflect.Constructor.newInstance(Constructor.java:423) ~[?:1.8.0_221]
	at org.apache.jmeter.gui.util.MenuFactory.getGUIComponent(MenuFactory.java:174) ~[ApacheJMeter_core.jar:5.1.1 r1855137]
	at org.apache.jmeter.gui.util.MenuFactory.initializeMenus(MenuFactory.java:141) ~[ApacheJMeter_core.jar:5.1.1 r1855137]
	at org.apache.jmeter.gui.util.MenuFactory.<clinit>(MenuFactory.java:106) ~[ApacheJMeter_core.jar:5.1.1 r1855137]
	at org.apache.jmeter.control.gui.TestPlanGui.createPopupMenu(TestPlanGui.java:92) ~[ApacheJMeter_core.jar:5.1.1 r1855137]
	at org.apache.jmeter.gui.tree.JMeterTreeNode.createPopupMenu(JMeterTreeNode.java:185) ~[ApacheJMeter_core.jar:5.1.1 r1855137]
	at org.apache.jmeter.gui.action.EditCommand.doAction(EditCommand.java:46) ~[ApacheJMeter_core.jar:5.1.1 r1855137]
	at org.apache.jmeter.gui.action.ActionRouter.performAction(ActionRouter.java:88) ~[ApacheJMeter_core.jar:5.1.1 r1855137]
	at org.apache.jmeter.gui.action.ActionRouter.lambda$actionPerformed$0(ActionRouter.java:70) ~[ApacheJMeter_core.jar:5.1.1 r1855137]
	at java.awt.event.InvocationEvent.dispatch(InvocationEvent.java:311) [?:1.8.0_221]
	at java.awt.EventQueue.dispatchEventImpl(EventQueue.java:758) [?:1.8.0_221]
	at java.awt.EventQueue.access$500(EventQueue.java:97) [?:1.8.0_221]
	at java.awt.EventQueue$3.run(EventQueue.java:709) [?:1.8.0_221]
	at java.awt.EventQueue$3.run(EventQueue.java:703) [?:1.8.0_221]
	at java.security.AccessController.doPrivileged(Native Method) [?:1.8.0_221]
	at java.security.ProtectionDomain$JavaSecurityAccessImpl.doIntersectionPrivilege(ProtectionDomain.java:74) [?:1.8.0_221]
	at java.awt.EventQueue.dispatchEvent(EventQueue.java:728) [?:1.8.0_221]
	at java.awt.EventDispatchThread.pumpOneEventForFilters(EventDispatchThread.java:205) [?:1.8.0_221]
	at java.awt.EventDispatchThread.pumpEventsForFilter(EventDispatchThread.java:116) [?:1.8.0_221]
	at java.awt.EventDispatchThread.pumpEventsForHierarchy(EventDispatchThread.java:105) [?:1.8.0_221]
	at java.awt.EventDispatchThread.pumpEvents(EventDispatchThread.java:101) [?:1.8.0_221]
	at java.awt.EventDispatchThread.pumpEvents(EventDispatchThread.java:93) [?:1.8.0_221]
	at java.awt.EventDispatchThread.run(EventDispatchThread.java:82) [?:1.8.0_221]
Caused by: java.lang.NoClassDefFoundError: org/apache/commons/httpclient/methods/multipart/PartSource
	at kg.apc.jmeter.reporters.LoadosophiaUploaderGui.init(LoadosophiaUploaderGui.java:114) ~[JMeterPlugins-Standard.jar:?]
	at kg.apc.jmeter.reporters.LoadosophiaUploaderGui.<init>(LoadosophiaUploaderGui.java:28) ~[JMeterPlugins-Standard.jar:?]
	... 26 more
Caused by: java.lang.ClassNotFoundException: org.apache.commons.httpclient.methods.multipart.PartSource
	at java.net.URLClassLoader.findClass(URLClassLoader.java:382) ~[?:1.8.0_221]
	at java.lang.ClassLoader.loadClass(ClassLoader.java:424) ~[?:1.8.0_221]
	at java.lang.ClassLoader.loadClass(ClassLoader.java:357) ~[?:1.8.0_221]
	at kg.apc.jmeter.reporters.LoadosophiaUploaderGui.init(LoadosophiaUploaderGui.java:114) ~[JMeterPlugins-Standard.jar:?]
	at kg.apc.jmeter.reporters.LoadosophiaUploaderGui.<init>(LoadosophiaUploaderGui.java:28) ~[JMeterPlugins-Standard.jar:?]
	... 26 more
2020-05-17 12:06:13,017 INFO o.a.j.p.h.s.HTTPSamplerBase: Parser for text/html is org.apache.jmeter.protocol.http.parser.LagartoBasedHtmlParser
2020-05-17 12:06:13,017 INFO o.a.j.p.h.s.HTTPSamplerBase: Parser for application/xhtml+xml is org.apache.jmeter.protocol.http.parser.LagartoBasedHtmlParser
2020-05-17 12:06:13,018 INFO o.a.j.p.h.s.HTTPSamplerBase: Parser for application/xml is org.apache.jmeter.protocol.http.parser.LagartoBasedHtmlParser
2020-05-17 12:06:13,018 INFO o.a.j.p.h.s.HTTPSamplerBase: Parser for text/xml is org.apache.jmeter.protocol.http.parser.LagartoBasedHtmlParser
2020-05-17 12:06:13,018 INFO o.a.j.p.h.s.HTTPSamplerBase: Parser for text/vnd.wap.wml is org.apache.jmeter.protocol.http.parser.RegexpHTMLParser
2020-05-17 12:06:13,018 INFO o.a.j.p.h.s.HTTPSamplerBase: Parser for text/css is org.apache.jmeter.protocol.http.parser.CssParser
2020-05-17 12:06:13,471 INFO o.a.j.e.KeyToolUtils: keytool found at 'keytool'
2020-05-17 12:06:13,472 INFO o.a.j.p.h.p.ProxyControl: HTTP(S) Test Script Recorder SSL Proxy will use keys that support embedded 3rd party resources in file /usr/local/Cellar/jmeter/5.1.1/libexec/bin/proxyserver.jks
2020-05-17 12:06:13,770 INFO o.a.j.s.FileServer: Default base='/Users/douglaslanca/IdeaProjects/cursofullstack'
2020-05-17 12:06:14,251 INFO o.a.j.s.SampleResult: Note: Sample TimeStamps are START times
2020-05-17 12:06:14,252 INFO o.a.j.s.SampleResult: sampleresult.default.encoding is set to ISO-8859-1
2020-05-17 12:06:14,252 INFO o.a.j.s.SampleResult: sampleresult.useNanoTime=true
2020-05-17 12:06:14,252 INFO o.a.j.s.SampleResult: sampleresult.nanoThreadSleep=5000
2020-05-17 12:06:35,854 INFO o.a.j.g.a.Load: Loading file: /Users/douglaslanca/PerformanceTest/xablau.jmx
2020-05-17 12:06:35,855 INFO o.a.j.s.FileServer: Set new base='/Users/douglaslanca/PerformanceTest'
2020-05-17 12:06:36,160 INFO o.a.j.s.SaveService: Testplan (JMX) version: 2.2. Testlog (JTL) version: 2.2
2020-05-17 12:06:36,197 INFO o.a.j.s.SaveService: Using SaveService properties file encoding UTF-8
2020-05-17 12:06:36,200 INFO o.a.j.s.SaveService: Using SaveService properties version 5.0
2020-05-17 12:06:36,209 INFO o.a.j.s.SaveService: Loading file: /Users/douglaslanca/PerformanceTest/xablau.jmx
2020-05-17 12:06:36,664 INFO o.a.j.s.FileServer: Set new base='/Users/douglaslanca/PerformanceTest'
2020-05-17 12:06:41,579 INFO o.a.j.e.StandardJMeterEngine: Running the test!
2020-05-17 12:06:41,582 INFO o.a.j.s.SampleEvent: List of sample_variables: []
2020-05-17 12:06:41,583 INFO o.a.j.s.SampleEvent: List of sample_variables: []
2020-05-17 12:06:41,589 INFO o.a.j.e.u.CompoundVariable: Note: Function class names must contain the string: '.functions.'
2020-05-17 12:06:41,589 INFO o.a.j.e.u.CompoundVariable: Note: Function class names must not contain the string: '.gui.'
2020-05-17 12:06:42,290 INFO o.a.j.g.u.JMeterMenuBar: setRunning(true, *local*)
2020-05-17 12:06:42,524 INFO o.a.j.e.StandardJMeterEngine: Starting ThreadGroup: 1 : Thread Group
2020-05-17 12:06:42,525 INFO o.a.j.e.StandardJMeterEngine: Starting 2 threads for group Thread Group.
2020-05-17 12:06:42,525 INFO o.a.j.e.StandardJMeterEngine: Thread will continue on error
2020-05-17 12:06:42,525 INFO o.a.j.t.ThreadGroup: Starting thread group... number=1 threads=2 ramp-up=1 delayedStart=false
2020-05-17 12:06:42,533 INFO o.a.j.t.ThreadGroup: Started thread group number 1
2020-05-17 12:06:42,533 INFO o.a.j.e.StandardJMeterEngine: All thread groups have been started
2020-05-17 12:06:42,542 INFO o.a.j.t.JMeterThread: Thread started: Thread Group 1-1
2020-05-17 12:06:42,548 INFO o.a.j.s.FileServer: Stored: /Users/douglaslanca/PerformanceTest/acc_TestDatafromSearchApi.csv
2020-05-17 12:06:42,578 INFO o.a.j.p.h.s.HTTPHCAbstractImpl: Local host = AC-LP0031-douglaslanca.local
2020-05-17 12:06:42,592 INFO o.a.j.p.h.s.HTTPHC4Impl: HTTP request retry count = 0
2020-05-17 12:06:43,060 INFO o.a.j.t.JMeterThread: Thread started: Thread Group 1-2
2020-05-17 12:06:43,743 INFO o.a.j.u.JsseSSLManager: Using default SSL protocol: TLS
2020-05-17 12:06:43,744 INFO o.a.j.u.JsseSSLManager: SSL session context: per-thread
2020-05-17 12:07:06,911 INFO o.a.j.g.a.Start: Stopping test
2020-05-17 12:07:06,951 INFO o.a.j.t.JMeterThread: Stopping: Thread Group 1-2
2020-05-17 12:07:06,953 WARN o.a.j.t.JMeterThread: Interrupting: Thread Group 1-2 sampler: HTTP Request
2020-05-17 12:07:06,954 INFO o.a.j.t.JMeterThread: Stopping: Thread Group 1-1
2020-05-17 12:07:06,955 WARN o.a.j.t.JMeterThread: Interrupting: Thread Group 1-1 sampler: HTTP Request
2020-05-17 12:07:06,955 INFO o.a.j.t.JMeterThread: Thread finished: Thread Group 1-1
2020-05-17 12:07:06,958 INFO o.a.j.t.JMeterThread: Thread finished: Thread Group 1-2
2020-05-17 12:07:06,958 INFO o.a.j.e.StandardJMeterEngine: Notifying test listeners of end of test
2020-05-17 12:07:06,959 INFO o.a.j.s.FileServer: Close: /Users/douglaslanca/PerformanceTest/acc_TestDatafromSearchApi.csv
2020-05-17 12:07:06,959 INFO o.a.j.g.u.JMeterMenuBar: setRunning(false, *local*)
2020-05-17 12:07:08,411 INFO o.a.j.e.StandardJMeterEngine: Running the test!
2020-05-17 12:07:08,414 INFO o.a.j.s.SampleEvent: List of sample_variables: []
2020-05-17 12:07:08,433 INFO o.a.j.g.u.JMeterMenuBar: setRunning(true, *local*)
2020-05-17 12:07:08,682 INFO o.a.j.e.StandardJMeterEngine: Starting ThreadGroup: 1 : Thread Group
2020-05-17 12:07:08,685 INFO o.a.j.e.StandardJMeterEngine: Starting 2 threads for group Thread Group.
2020-05-17 12:07:08,685 INFO o.a.j.e.StandardJMeterEngine: Thread will continue on error
2020-05-17 12:07:08,685 INFO o.a.j.t.ThreadGroup: Starting thread group... number=1 threads=2 ramp-up=1 delayedStart=false
2020-05-17 12:07:08,690 INFO o.a.j.t.ThreadGroup: Started thread group number 1
2020-05-17 12:07:08,690 INFO o.a.j.e.StandardJMeterEngine: All thread groups have been started
2020-05-17 12:07:08,702 INFO o.a.j.t.JMeterThread: Thread started: Thread Group 1-1
2020-05-17 12:07:08,706 INFO o.a.j.s.FileServer: Stored: /Users/douglaslanca/PerformanceTest/acc_TestDatafromSearchApi.csv
2020-05-17 12:07:09,205 INFO o.a.j.t.JMeterThread: Thread started: Thread Group 1-2
2020-05-17 12:07:24,287 INFO o.a.j.g.a.Start: Stopping test
2020-05-17 12:07:24,324 INFO o.a.j.t.JMeterThread: Stopping: Thread Group 1-1
2020-05-17 12:07:24,325 WARN o.a.j.t.JMeterThread: Interrupting: Thread Group 1-1 sampler: HTTP Request
2020-05-17 12:07:24,326 INFO o.a.j.t.JMeterThread: Stopping: Thread Group 1-2
2020-05-17 12:07:24,326 INFO o.a.j.t.JMeterThread: Thread finished: Thread Group 1-2
2020-05-17 12:07:24,327 INFO o.a.j.t.JMeterThread: Thread finished: Thread Group 1-1
2020-05-17 12:07:24,328 INFO o.a.j.e.StandardJMeterEngine: Notifying test listeners of end of test
2020-05-17 12:07:24,328 INFO o.a.j.s.FileServer: Close: /Users/douglaslanca/PerformanceTest/acc_TestDatafromSearchApi.csv
2020-05-17 12:07:24,329 INFO o.a.j.g.u.JMeterMenuBar: setRunning(false, *local*)
2020-05-17 12:07:33,181 INFO o.a.j.e.StandardJMeterEngine: Running the test!
2020-05-17 12:07:33,182 INFO o.a.j.s.SampleEvent: List of sample_variables: []
2020-05-17 12:07:33,189 INFO o.a.j.g.u.JMeterMenuBar: setRunning(true, *local*)
2020-05-17 12:07:33,375 INFO o.a.j.e.StandardJMeterEngine: Starting ThreadGroup: 1 : Thread Group
2020-05-17 12:07:33,375 INFO o.a.j.e.StandardJMeterEngine: Starting 2 threads for group Thread Group.
2020-05-17 12:07:33,375 INFO o.a.j.e.StandardJMeterEngine: Thread will continue on error
2020-05-17 12:07:33,375 INFO o.a.j.t.ThreadGroup: Starting thread group... number=1 threads=2 ramp-up=1 delayedStart=false
2020-05-17 12:07:33,380 INFO o.a.j.t.ThreadGroup: Started thread group number 1
2020-05-17 12:07:33,380 INFO o.a.j.e.StandardJMeterEngine: All thread groups have been started
2020-05-17 12:07:33,385 INFO o.a.j.t.JMeterThread: Thread started: Thread Group 1-1
2020-05-17 12:07:33,386 INFO o.a.j.s.FileServer: Stored: /Users/douglaslanca/PerformanceTest/acc_TestDatafromSearchApi.csv
2020-05-17 12:07:33,887 INFO o.a.j.t.JMeterThread: Thread started: Thread Group 1-2
2020-05-17 12:07:46,632 INFO o.a.j.g.a.Start: Stopping test
2020-05-17 12:07:46,667 INFO o.a.j.t.JMeterThread: Stopping: Thread Group 1-1
2020-05-17 12:07:46,667 INFO o.a.j.t.JMeterThread: Stopping: Thread Group 1-2
2020-05-17 12:07:46,668 INFO o.a.j.t.JMeterThread: Thread finished: Thread Group 1-1
2020-05-17 12:07:46,668 INFO o.a.j.t.JMeterThread: Thread finished: Thread Group 1-2
2020-05-17 12:07:46,668 INFO o.a.j.e.StandardJMeterEngine: Notifying test listeners of end of test
2020-05-17 12:07:46,669 INFO o.a.j.s.FileServer: Close: /Users/douglaslanca/PerformanceTest/acc_TestDatafromSearchApi.csv
2020-05-17 12:07:46,669 INFO o.a.j.g.u.JMeterMenuBar: setRunning(false, *local*)
